2020-04-09 14:55:55 INFO  Base_Class:34 - application opened
2020-04-09 14:56:12 INFO  Base_Class:34 - Application opened
2020-04-09 21:22:01 INFO  Base_Class:34 - application opened
2020-04-09 21:22:30 INFO  Base_Class:34 - Registration Page opened
2020-04-09 21:22:51 INFO  Base_Class:34 - HomePage Opened
2020-04-09 21:23:09 INFO  Base_Class:34 - Application opened
2020-04-09 21:23:12 INFO  Base_Class:34 - SignIn Page Opened
2020-04-09 21:23:14 INFO  Base_Class:34 - HomePage Opened
2020-04-09 21:23:44 INFO  Base_Class:34 - I am in admin login page
2020-04-09 21:23:48 INFO  Base_Class:34 - I am On AdministrationPage
2020-04-09 21:35:03 INFO  Base_Class:34 - application opened
2020-04-09 21:35:05 INFO  Base_Class:34 - Registration Page opened
2020-04-09 21:35:20 INFO  Base_Class:34 - HomePage Opened
2020-04-09 21:35:39 INFO  Base_Class:34 - Application opened
2020-04-09 21:35:42 INFO  Base_Class:34 - SignIn Page Opened
2020-04-09 21:35:45 INFO  Base_Class:34 - HomePage Opened
2020-04-09 21:37:13 INFO  Base_Class:34 - I am in admin login page
2020-04-09 21:44:31 INFO  Base_Class:34 - application opened
2020-04-09 21:44:59 INFO  Base_Class:34 - Application opened
2020-04-09 21:48:32 INFO  Base_Class:36 - application opened
2020-04-09 21:48:58 INFO  Base_Class:36 - Registration Page opened
2020-04-09 21:52:25 INFO  Base_Class:36 - application opened
2020-04-09 21:52:26 INFO  Base_Class:36 - Registration Page Not Opened
2020-04-09 21:52:35 INFO  Base_Class:36 - HomePage not Opened
2020-04-09 21:52:53 INFO  Base_Class:36 - Application opened
2020-04-09 21:52:55 INFO  Base_Class:36 - SignIn Page Opened
2020-04-09 21:52:56 INFO  Base_Class:36 - HomePage Opened
2020-04-09 21:53:17 INFO  Base_Class:36 - I am in admin login page
2020-04-09 21:53:19 INFO  Base_Class:36 - I am On AdministrationPage
2020-04-09 21:55:05 INFO  Base_Class:36 - application opened
2020-04-09 21:55:06 INFO  Base_Class:36 - Registration Page Not Opened
2020-04-09 21:55:14 INFO  Base_Class:36 - HomePage not Opened
2020-04-09 21:58:56 INFO  Base_Class:36 - application opened
2020-04-09 21:58:56 INFO  Base_Class:36 - Registration Page Not Opened
2020-04-09 21:59:03 INFO  Base_Class:36 - HomePage not Opened
2020-04-09 22:01:47 INFO  Base_Class:36 - application opened
2020-04-09 22:01:48 INFO  Base_Class:36 - Registration Page opened
2020-04-09 22:01:56 INFO  Base_Class:36 - HomePage not Opened
2020-04-09 22:03:29 INFO  Base_Class:36 - application opened
2020-04-09 22:03:30 INFO  Base_Class:36 - Registration Page opened
2020-04-09 22:03:37 INFO  Base_Class:36 - HomePage not Opened
2020-04-09 22:05:24 INFO  Base_Class:36 - application opened
2020-04-09 22:05:26 INFO  Base_Class:36 - Registration Page opened
2020-04-09 22:05:32 INFO  Base_Class:36 - HomePage not Opened
2020-04-09 22:09:47 INFO  Base_Class:36 - application opened
2020-04-09 22:09:49 INFO  Base_Class:36 - Registration Page opened
2020-04-09 22:09:57 INFO  Base_Class:36 - HomePage not Opened
2020-04-09 22:15:47 INFO  Base_Class:42 - application opened
2020-04-09 22:15:48 INFO  Base_Class:42 - Registration Page opened
2020-04-09 22:15:55 INFO  Base_Class:42 - HomePage not Opened
2020-04-09 22:16:08 INFO  Base_Class:42 - Application opened
2020-04-09 22:16:09 INFO  Base_Class:42 - SignIn Page Opened
2020-04-09 22:16:11 INFO  Base_Class:42 - HomePage Opened
2020-04-09 22:16:33 INFO  Base_Class:42 - I am in admin login page
2020-04-09 22:16:36 INFO  Base_Class:42 - I am On AdministrationPage
2020-04-09 22:23:32 INFO  Base_Class:42 - application opened
2020-04-09 22:24:13 INFO  Base_Class:42 - I am in admin login page
2020-04-09 22:24:16 INFO  Base_Class:42 - I am On AdministrationPage
2020-04-09 22:28:31 INFO  Base_Class:42 - application opened
2020-04-09 22:28:33 INFO  Base_Class:42 - Registration Page opened
2020-04-09 22:37:32 INFO  Base_Class:42 - Application opened
2020-04-09 22:37:36 INFO  Base_Class:42 - SignIn Page Opened
2020-04-09 22:37:38 INFO  Base_Class:42 - HomePage Not Opened
2020-04-09 22:37:57 INFO  Base_Class:42 - I am in admin login page
2020-04-09 22:37:59 INFO  Base_Class:42 - I am On AdministrationPage
2020-04-09 22:38:53 INFO  Base_Class:42 - application opened
2020-04-09 22:38:54 INFO  Base_Class:42 - Registration Page opened
2020-04-09 22:39:04 INFO  Base_Class:42 - HomePage not Opened
2020-04-09 22:39:18 INFO  Base_Class:42 - Application opened
2020-04-09 22:39:20 INFO  Base_Class:42 - SignIn Page Opened
2020-04-09 22:39:22 INFO  Base_Class:42 - HomePage Opened
2020-04-09 22:39:40 INFO  Base_Class:42 - I am in admin login page
2020-04-09 22:39:43 INFO  Base_Class:42 - I am On AdministrationPage
2020-04-10 09:35:27 INFO  Base_Class:42 - I am in admin login page
2020-04-10 09:35:30 INFO  Base_Class:42 - I am On AdministrationPage
2020-04-10 09:37:05 INFO  Base_Class:42 - I am in admin login page
2020-04-10 09:37:08 INFO  Base_Class:42 - I am On AdministrationPage
2020-04-10 09:41:45 INFO  Base_Class:42 - I am in admin login page
2020-04-10 09:41:49 INFO  Base_Class:42 - I am On AdministrationPage
2020-04-10 09:43:24 INFO  Base_Class:42 - I am in admin login page
2020-04-10 09:43:27 INFO  Base_Class:42 - I am On AdministrationPage
2020-04-10 09:47:14 INFO  Base_Class:42 - I amnot in login page
2020-04-10 09:51:42 INFO  Base_Class:42 - I am in admin login page
2020-04-10 09:51:46 INFO  Base_Class:42 - I am On AdministrationPage
2020-04-10 09:55:18 INFO  Base_Class:42 - application opened
2020-04-10 09:55:20 INFO  Base_Class:42 - Registration Page opened
2020-04-10 10:49:27 INFO  Base_Class:42 - I am in admin login page
2020-04-10 10:49:30 INFO  Base_Class:42 - I am On AdministrationPage
2020-04-10 10:50:30 INFO  Base_Class:42 - I am in admin login page
2020-04-10 10:50:33 INFO  Base_Class:42 - I am On AdministrationPage
2020-04-10 10:59:29 INFO  Base_Class:42 - I am in admin login page
2020-04-10 10:59:33 INFO  Base_Class:42 - I am On AdministrationPage
2020-04-10 11:01:49 INFO  Base_Class:42 - I am in admin login page
2020-04-10 11:02:02 INFO  Base_Class:42 - I am On AdministrationPage
2020-04-10 11:03:10 INFO  Base_Class:42 - application opened
2020-04-10 11:03:13 INFO  Base_Class:42 - Registration Page opened
2020-04-10 11:03:31 INFO  Base_Class:42 - HomePage not Opened
2020-04-10 11:04:01 INFO  Base_Class:42 - Application opened
2020-04-10 11:04:03 INFO  Base_Class:42 - SignIn Page Opened
2020-04-10 11:04:25 INFO  Base_Class:42 - HomePage Opened
2020-04-10 11:06:22 INFO  Base_Class:42 - I am in admin login page
2020-04-10 11:20:08 INFO  Base_Class:42 - application opened
2020-04-10 11:20:11 INFO  Base_Class:42 - Registration Page opened
2020-04-10 11:20:21 INFO  Base_Class:42 - HomePage not Opened
2020-04-10 11:20:38 INFO  Base_Class:42 - Application opened
2020-04-10 11:20:40 INFO  Base_Class:42 - SignIn Page Opened
2020-04-10 11:20:42 INFO  Base_Class:42 - HomePage Opened
2020-04-10 11:21:06 INFO  Base_Class:42 - I am in admin login page
2020-04-10 11:21:09 INFO  Base_Class:42 - I am On AdministrationPage
